<?xml version="1.0" encoding="UTF-8"?>
<!-- Generated by org.testng.reporters.JUnitXMLReporter -->
<testsuite hostname="DESKTOP-LLLGMOJ" name="Test" tests="7" failures="0" timestamp="7 May 2022 03:27:25 GMT" time="38.225" errors="0">
  <testcase name="setData" time="0.01" classname="day22.testngadvxml.DataProviderExample"/>
  <testcase name="setData" time="0.002" classname="day22.testngadvxml.DataProviderExample"/>
  <testcase name="setData" time="0.002" classname="day22.testngadvxml.DataProviderExample"/>
  <testcase name="testLoginOfVtiger" time="11.441" classname="day22.testngadvxml.DataProviderExample"/>
  <testcase name="testLoginOfVtiger" time="7.662" classname="day22.testngadvxml.DataProviderExample"/>
  <testcase name="testLoginOfVtiger" time="6.711" classname="day22.testngadvxml.DataProviderExample"/>
  <testcase name="loginLogoutInActitimeApplication" time="12.36" classname="day11.testngsamples.Example7"/>
</testsuite> <!-- Test -->
