<?xml version="1.0" encoding="UTF-8"?>
<!-- Generated by org.testng.reporters.JUnitXMLReporter -->
<testsuite hostname="DESKTOP-LLLGMOJ" name="testing" tests="3" failures="0" timestamp="7 May 2022 02:53:07 GMT" time="0.032" errors="0">
  <testcase name="testCaseFour" time="0.011" classname="day22.testngadvxml.GroupExamples"/>
  <testcase name="testCaseOne" time="0.002" classname="day22.testngadvxml.GroupExamples"/>
  <testcase name="testCaseTwo" time="0.001" classname="day22.testngadvxml.GroupExamples"/>
</testsuite> <!-- testing -->
