<?xml version="1.0" encoding="UTF-8"?>
<testng-results skipped="0" failed="0" total="2" passed="2">
  <reporter-output>
  </reporter-output>
  <suite name="Suite" duration-ms="31650" started-at="2022-05-12T03:40:20Z" finished-at="2022-05-12T03:40:52Z">
    <groups>
    </groups>
    <test name="Test" duration-ms="31650" started-at="2022-05-12T03:40:20Z" finished-at="2022-05-12T03:40:52Z">
      <class name="testscripts.TestLoginPage">
        <test-method status="PASS" signature="testVtigerLogin()[pri:0, instance:testscripts.TestLoginPage@7880cdf3]" name="testVtigerLogin" duration-ms="10572" started-at="2022-05-12T09:10:33Z" finished-at="2022-05-12T09:10:44Z">
          <reporter-output>
          </reporter-output>
        </test-method> <!-- testVtigerLogin -->
      </class> <!-- testscripts.TestLoginPage -->
      <class name="testscripts.TestLeadsPage">
        <test-method status="PASS" signature="prerequisite()[pri:0, instance:testscripts.TestLeadsPage@36c88a32]" name="prerequisite" is-config="true" duration-ms="13393" started-at="2022-05-12T09:10:20Z" finished-at="2022-05-12T09:10:33Z">
          <reporter-output>
          </reporter-output>
        </test-method> <!-- prerequisite -->
        <test-method status="PASS" signature="testLeadCreation()[pri:0, instance:testscripts.TestLeadsPage@36c88a32]" name="testLeadCreation" duration-ms="7664" started-at="2022-05-12T09:10:44Z" finished-at="2022-05-12T09:10:52Z">
          <reporter-output>
          </reporter-output>
        </test-method> <!-- testLeadCreation -->
      </class> <!-- testscripts.TestLeadsPage -->
    </test> <!-- Test -->
  </suite> <!-- Suite -->
</testng-results>
