<?xml version="1.0" encoding="UTF-8"?>
<testng-results skipped="0" failed="0" total="1" passed="1">
  <reporter-output>
  </reporter-output>
  <suite name="Default suite" duration-ms="615" started-at="2022-05-05T03:53:30Z" finished-at="2022-05-05T03:53:30Z">
    <groups>
    </groups>
    <test name="Default test" duration-ms="615" started-at="2022-05-05T03:53:30Z" finished-at="2022-05-05T03:53:30Z">
      <class name="ddt.ExcelReading">
        <test-method status="PASS" signature="getCellCount()[pri:0, instance:ddt.ExcelReading@1f0f1111]" name="getCellCount" duration-ms="602" started-at="2022-05-05T09:23:30Z" finished-at="2022-05-05T09:23:30Z">
          <reporter-output>
          </reporter-output>
        </test-method> <!-- getCellCount -->
      </class> <!-- ddt.ExcelReading -->
    </test> <!-- Default test -->
  </suite> <!-- Default suite -->
</testng-results>
