<?xml version="1.0" encoding="UTF-8"?>
<testng-results skipped="0" failed="0" ignored="0" total="1" passed="1">
  <reporter-output>
  </reporter-output>
  <suite name="Default suite" duration-ms="44127" started-at="2022-05-10T08:56:00 IST" finished-at="2022-05-10T08:56:44 IST">
    <groups>
    </groups>
    <test name="Default test" duration-ms="44127" started-at="2022-05-10T08:56:00 IST" finished-at="2022-05-10T08:56:44 IST">
      <class name="day24.webpagescripts.TestVtigerLogin">
        <test-method status="PASS" signature="openBrower()[pri:0, instance:day24.webpagescripts.TestVtigerLogin@569cfc36]" name="openBrower" is-config="true" duration-ms="25306" started-at="2022-05-10T08:56:00 IST" finished-at="2022-05-10T08:56:26 IST">
          <reporter-output>
          </reporter-output>
        </test-method> <!-- openBrower -->
        <test-method status="PASS" signature="testLogin()[pri:0, instance:day24.webpagescripts.TestVtigerLogin@569cfc36]" name="testLogin" duration-ms="18220" started-at="2022-05-10T08:56:26 IST" finished-at="2022-05-10T08:56:44 IST">
          <reporter-output>
          </reporter-output>
        </test-method> <!-- testLogin -->
        <test-method status="PASS" signature="closeBrowser()[pri:0, instance:day24.webpagescripts.TestVtigerLogin@569cfc36]" name="closeBrowser" is-config="true" duration-ms="480" started-at="2022-05-10T08:56:44 IST" finished-at="2022-05-10T08:56:44 IST">
          <reporter-output>
          </reporter-output>
        </test-method> <!-- closeBrowser -->
      </class> <!-- day24.webpagescripts.TestVtigerLogin -->
    </test> <!-- Default test -->
  </suite> <!-- Default suite -->
</testng-results>
