<?xml version="1.0" encoding="UTF-8"?>
<!-- Generated by org.testng.reporters.JUnitXMLReporter -->
<testsuite hostname="DESKTOP-LLLGMOJ" name="Testing Parameterization" tests="4" failures="0" timestamp="7 May 2022 02:59:37 GMT" time="11.801" errors="0">
  <testcase name="testCaseOne" time="0.015" classname="day22.testngadvxml.Parameterization"/>
  <testcase name="testCaseTwo" time="0.002" classname="day22.testngadvxml.Parameterization"/>
  <testcase name="testCaseThree" time="0.005" classname="day22.testngadvxml.Parameterization"/>
  <testcase name="testLoginOfVtiger" time="11.751" classname="day22.testngadvxml.Parameterization"/>
</testsuite> <!-- Testing Parameterization -->
